# JRE version: 7.0_25-b17
# Java VM: Java HotSpot(TM) Client VM (23.25-b01 mixed mode, sharing windows-x86 )
Heap
 def new generation   total 37120K, used 31201K [0x247c0000, 0x27000000, 0x29d10000)
  eden space 33024K,  94% used [0x247c0000, 0x26638448, 0x26800000)
  from space 4096K,   0% used [0x26800000, 0x26800000, 0x26c00000)
  to   space 4096K,   0% used [0x26c00000, 0x26c00000, 0x27000000)
 tenured generation   total 82348K, used 41627K [0x29d10000, 0x2ed7b000, 0x347c0000)
   the space 82348K,  50% used [0x29d10000, 0x2c5b6f10, 0x2c5b7000, 0x2ed7b000)
 compacting perm gen  total 18688K, used 18662K [0x347c0000, 0x35a00000, 0x387c0000)
   the space 18688K,  99% used [0x347c0000, 0x359f9b28, 0x359f9c00, 0x35a00000)
    ro space 10240K,  42% used [0x387c0000, 0x38c04240, 0x38c04400, 0x391c0000)
    rw space 12288K,  54% used [0x391c0000, 0x39844d58, 0x39844e00, 0x39dc0000)
GC Heap History (10 events):
Event: 402.534 GC heap before
{Heap before GC invocations=651 (full 18):
 def new generation   total 37120K, used 37120K [0x247c0000, 0x27000000, 0x29d10000)
  eden space 33024K, 100% used [0x247c0000, 0x26800000, 0x26800000)
  from space 4096K, 100% used [0x26c00000, 0x27000000, 0x27000000)
  to   space 4096K,   0% used [0x26800000, 0x26800000, 0x26c00000)
 tenured generation   total 82348K, used 59332K [0x29d10000, 0x2ed7b000, 0x347c0000)
   the space 82348K,  72% used [0x29d10000, 0x2d701250, 0x2d701400, 0x2ed7b000)
 compacting perm gen  total 18688K, used 18662K [0x347c0000, 0x35a00000, 0x387c0000)
   the space 18688K,  99% used [0x347c0000, 0x359f9b28, 0x359f9c00, 0x35a00000)
    ro space 10240K,  42% used [0x387c0000, 0x38c04240, 0x38c04400, 0x391c0000)
    rw space 12288K,  54% used [0x391c0000, 0x39844d58, 0x39844e00, 0x39dc0000)
Event: 402.553 GC heap after
Heap after GC invocations=652 (full 18):
 def new generation   total 37120K, used 4096K [0x247c0000, 0x27000000, 0x29d10000)
  eden space 33024K,   0% used [0x247c0000, 0x247c0000, 0x26800000)
  from space 4096K, 100% used [0x26800000, 0x26c00000, 0x26c00000)
  to   space 4096K,   0% used [0x26c00000, 0x26c00000, 0x27000000)
 tenured generation   total 82348K, used 66782K [0x29d10000, 0x2ed7b000, 0x347c0000)
   the space 82348K,  81% used [0x29d10000, 0x2de479e8, 0x2de47a00, 0x2ed7b000)
 compacting perm gen  total 18688K, used 18662K [0x347c0000, 0x35a00000, 0x387c0000)
   the space 18688K,  99% used [0x347c0000, 0x359f9b28, 0x359f9c00, 0x35a00000)
    ro space 10240K,  42% used [0x387c0000, 0x38c04240, 0x38c04400, 0x391c0000)
    rw space 12288K,  54% used [0x391c0000, 0x39844d58, 0x39844e00, 0x39dc0000)
}
Event: 402.762 GC heap before
{Heap before GC invocations=652 (full 18):
 def new generation   total 37120K, used 37120K [0x247c0000, 0x27000000, 0x29d10000)
  eden space 33024K, 100% used [0x247c0000, 0x26800000, 0x26800000)
  from space 4096K, 100% used [0x26800000, 0x26c00000, 0x26c00000)
  to   space 4096K,   0% used [0x26c00000, 0x26c00000, 0x27000000)
 tenured generation   total 82348K, used 66782K [0x29d10000, 0x2ed7b000, 0x347c0000)
   the space 82348K,  81% used [0x29d10000, 0x2de479e8, 0x2de47a00, 0x2ed7b000)
 compacting perm gen  total 18688K, used 18662K [0x347c0000, 0x35a00000, 0x387c0000)
   the space 18688K,  99% used [0x347c0000, 0x359f9b28, 0x359f9c00, 0x35a00000)
    ro space 10240K,  42% used [0x387c0000, 0x38c04240, 0x38c04400, 0x391c0000)
    rw space 12288K,  54% used [0x391c0000, 0x39844d58, 0x39844e00, 0x39dc0000)
Event: 402.773 GC heap after
Heap after GC invocations=653 (full 18):
 def new generation   total 37120K, used 2817K [0x247c0000, 0x27000000, 0x29d10000)
  eden space 33024K,   0% used [0x247c0000, 0x247c0000, 0x26800000)
  from space 4096K,  68% used [0x26c00000, 0x26ec04e0, 0x27000000)
  to   space 4096K,   0% used [0x26800000, 0x26800000, 0x26c00000)
 tenured generation   total 82348K, used 70862K [0x29d10000, 0x2ed7b000, 0x347c0000)
   the space 82348K,  86% used [0x29d10000, 0x2e243b98, 0x2e243c00, 0x2ed7b000)
 compacting perm gen  total 18688K, used 18662K [0x347c0000, 0x35a00000, 0x387c0000)
   the space 18688K,  99% used [0x347c0000, 0x359f9b28, 0x359f9c00, 0x35a00000)
    ro space 10240K,  42% used [0x387c0000, 0x38c04240, 0x38c04400, 0x391c0000)
    rw space 12288K,  54% used [0x391c0000, 0x39844d58, 0x39844e00, 0x39dc0000)
}
Event: 402.863 GC heap before
{Heap before GC invocations=653 (full 18):
 def new generation   total 37120K, used 35841K [0x247c0000, 0x27000000, 0x29d10000)
  eden space 33024K, 100% used [0x247c0000, 0x26800000, 0x26800000)
  from space 4096K,  68% used [0x26c00000, 0x26ec04e0, 0x27000000)
  to   space 4096K,   0% used [0x26800000, 0x26800000, 0x26c00000)
 tenured generation   total 82348K, used 70862K [0x29d10000, 0x2ed7b000, 0x347c0000)
   the space 82348K,  86% used [0x29d10000, 0x2e243b98, 0x2e243c00, 0x2ed7b000)
 compacting perm gen  total 18688K, used 18662K [0x347c0000, 0x35a00000, 0x387c0000)
   the space 18688K,  99% used [0x347c0000, 0x359f9b28, 0x359f9c00, 0x35a00000)
    ro space 10240K,  42% used [0x387c0000, 0x38c04240, 0x38c04400, 0x391c0000)
    rw space 12288K,  54% used [0x391c0000, 0x39844d58, 0x39844e00, 0x39dc0000)
Event: 402.878 GC heap after
Heap after GC invocations=654 (full 18):
 def new generation   total 37120K, used 4096K [0x247c0000, 0x27000000, 0x29d10000)
  eden space 33024K,   0% used [0x247c0000, 0x247c0000, 0x26800000)
  from space 4096K, 100% used [0x26800000, 0x26c00000, 0x26c00000)
  to   space 4096K,   0% used [0x26c00000, 0x26c00000, 0x27000000)
 tenured generation   total 82348K, used 76919K [0x29d10000, 0x2ed7b000, 0x347c0000)
   the space 82348K,  93% used [0x29d10000, 0x2e82df78, 0x2e82e000, 0x2ed7b000)
 compacting perm gen  total 18688K, used 18662K [0x347c0000, 0x35a00000, 0x387c0000)
   the space 18688K,  99% used [0x347c0000, 0x359f9b28, 0x359f9c00, 0x35a00000)
    ro space 10240K,  42% used [0x387c0000, 0x38c04240, 0x38c04400, 0x391c0000)
    rw space 12288K,  54% used [0x391c0000, 0x39844d58, 0x39844e00, 0x39dc0000)
}
Event: 403.130 GC heap before
{Heap before GC invocations=654 (full 18):
 def new generation   total 37120K, used 37120K [0x247c0000, 0x27000000, 0x29d10000)
  eden space 33024K, 100% used [0x247c0000, 0x26800000, 0x26800000)
  from space 4096K, 100% used [0x26800000, 0x26c00000, 0x26c00000)
  to   space 4096K,   0% used [0x26c00000, 0x26c00000, 0x27000000)
 tenured generation   total 82348K, used 76919K [0x29d10000, 0x2ed7b000, 0x347c0000)
   the space 82348K,  93% used [0x29d10000, 0x2e82df78, 0x2e82e000, 0x2ed7b000)
 compacting perm gen  total 18688K, used 18662K [0x347c0000, 0x35a00000, 0x387c0000)
   the space 18688K,  99% used [0x347c0000, 0x359f9b28, 0x359f9c00, 0x35a00000)
    ro space 10240K,  42% used [0x387c0000, 0x38c04240, 0x38c04400, 0x391c0000)
    rw space 12288K,  54% used [0x391c0000, 0x39844d58, 0x39844e00, 0x39dc0000)
Event: 403.136 GC heap after
Heap after GC invocations=655 (full 18):
 def new generation   total 37120K, used 735K [0x247c0000, 0x27000000, 0x29d10000)
  eden space 33024K,   0% used [0x247c0000, 0x247c0000, 0x26800000)
  from space 4096K,  17% used [0x26c00000, 0x26cb7de8, 0x27000000)
  to   space 4096K,   0% used [0x26800000, 0x26800000, 0x26c00000)
 tenured generation   total 82348K, used 79247K [0x29d10000, 0x2ed7b000, 0x347c0000)
   the space 82348K,  96% used [0x29d10000, 0x2ea73cf8, 0x2ea73e00, 0x2ed7b000)
 compacting perm gen  total 18688K, used 18662K [0x347c0000, 0x35a00000, 0x387c0000)
   the space 18688K,  99% used [0x347c0000, 0x359f9b28, 0x359f9c00, 0x35a00000)
    ro space 10240K,  42% used [0x387c0000, 0x38c04240, 0x38c04400, 0x391c0000)
    rw space 12288K,  54% used [0x391c0000, 0x39844d58, 0x39844e00, 0x39dc0000)
}
Event: 403.229 GC heap before
{Heap before GC invocations=655 (full 18):
 def new generation   total 37120K, used 33759K [0x247c0000, 0x27000000, 0x29d10000)
  eden space 33024K, 100% used [0x247c0000, 0x26800000, 0x26800000)
  from space 4096K,  17% used [0x26c00000, 0x26cb7de8, 0x27000000)
  to   space 4096K,   0% used [0x26800000, 0x26800000, 0x26c00000)
 tenured generation   total 82348K, used 79247K [0x29d10000, 0x2ed7b000, 0x347c0000)
   the space 82348K,  96% used [0x29d10000, 0x2ea73cf8, 0x2ea73e00, 0x2ed7b000)
 compacting perm gen  total 18688K, used 18662K [0x347c0000, 0x35a00000, 0x387c0000)
   the space 18688K,  99% used [0x347c0000, 0x359f9b28, 0x359f9c00, 0x35a00000)
    ro space 10240K,  42% used [0x387c0000, 0x38c04240, 0x38c04400, 0x391c0000)
    rw space 12288K,  54% used [0x391c0000, 0x39844d58, 0x39844e00, 0x39dc0000)
Event: 403.328 GC heap after
Heap after GC invocations=656 (full 19):
 def new generation   total 37120K, used 0K [0x247c0000, 0x27000000, 0x29d10000)
  eden space 33024K,   0% used [0x247c0000, 0x247c0000, 0x26800000)
  from space 4096K,   0% used [0x26800000, 0x26800000, 0x26c00000)
  to   space 4096K,   0% used [0x26c00000, 0x26c00000, 0x27000000)
 tenured generation   total 82348K, used 41627K [0x29d10000, 0x2ed7b000, 0x347c0000)
   the space 82348K,  50% used [0x29d10000, 0x2c5b6f10, 0x2c5b7000, 0x2ed7b000)
 compacting perm gen  total 18688K, used 18662K [0x347c0000, 0x35a00000, 0x387c0000)
   the space 18688K,  99% used [0x347c0000, 0x359f9b28, 0x359f9c00, 0x35a00000)
    ro space 10240K,  42% used [0x387c0000, 0x38c04240, 0x38c04400, 0x391c0000)
    rw space 12288K,  54% used [0x391c0000, 0x39844d58, 0x39844e00, 0x39dc0000)
}

