# JRE version: 7.0_25-b17
# Java VM: Java HotSpot(TM) Client VM (23.25-b01 mixed mode windows-x86 )
Heap
 def new generation   total 29312K, used 29311K [0x04400000, 0x063c0000, 0x09950000)
  eden space 26112K, 100% used [0x04400000, 0x05d80000, 0x05d80000)
  from space 3200K,  99% used [0x060a0000, 0x063bfff8, 0x063c0000)
  to   space 3200K,  31% used [0x05d80000, 0x05e78458, 0x060a0000)
 tenured generation   total 64928K, used 38329K [0x09950000, 0x0d8b8000, 0x14400000)
   the space 64928K,  59% used [0x09950000, 0x0bebe548, 0x0bebe600, 0x0d8b8000)
 compacting perm gen  total 20480K, used 20378K [0x14400000, 0x15800000, 0x18400000)
   the space 20480K,  99% used [0x14400000, 0x157e6988, 0x157e6a00, 0x15800000)
GC Heap History (10 events):
Event: 159.627 GC heap after
Heap after GC invocations=202 (full 7):
 def new generation   total 29312K, used 56K [0x04400000, 0x063c0000, 0x09950000)
  eden space 26112K,   0% used [0x04400000, 0x04400000, 0x05d80000)
  from space 3200K,   1% used [0x060a0000, 0x060ae010, 0x063c0000)
  to   space 3200K,   0% used [0x05d80000, 0x05d80000, 0x060a0000)
 tenured generation   total 64928K, used 24748K [0x09950000, 0x0d8b8000, 0x14400000)
   the space 64928K,  38% used [0x09950000, 0x0b17b040, 0x0b17b200, 0x0d8b8000)
 compacting perm gen  total 20480K, used 20378K [0x14400000, 0x15800000, 0x18400000)
   the space 20480K,  99% used [0x14400000, 0x157e6938, 0x157e6a00, 0x15800000)
No shared spaces configured.
}
Event: 160.521 GC heap before
{Heap before GC invocations=202 (full 7):
 def new generation   total 29312K, used 26168K [0x04400000, 0x063c0000, 0x09950000)
  eden space 26112K, 100% used [0x04400000, 0x05d80000, 0x05d80000)
  from space 3200K,   1% used [0x060a0000, 0x060ae010, 0x063c0000)
  to   space 3200K,   0% used [0x05d80000, 0x05d80000, 0x060a0000)
 tenured generation   total 64928K, used 24748K [0x09950000, 0x0d8b8000, 0x14400000)
   the space 64928K,  38% used [0x09950000, 0x0b17b040, 0x0b17b200, 0x0d8b8000)
 compacting perm gen  total 20480K, used 20378K [0x14400000, 0x15800000, 0x18400000)
   the space 20480K,  99% used [0x14400000, 0x157e6938, 0x157e6a00, 0x15800000)
No shared spaces configured.
Event: 160.522 GC heap after
Heap after GC invocations=203 (full 7):
 def new generation   total 29312K, used 53K [0x04400000, 0x063c0000, 0x09950000)
  eden space 26112K,   0% used [0x04400000, 0x04400000, 0x05d80000)
  from space 3200K,   1% used [0x05d80000, 0x05d8d458, 0x060a0000)
  to   space 3200K,   0% used [0x060a0000, 0x060a0000, 0x063c0000)
 tenured generation   total 64928K, used 24748K [0x09950000, 0x0d8b8000, 0x14400000)
   the space 64928K,  38% used [0x09950000, 0x0b17b040, 0x0b17b200, 0x0d8b8000)
 compacting perm gen  total 20480K, used 20378K [0x14400000, 0x15800000, 0x18400000)
   the space 20480K,  99% used [0x14400000, 0x157e6938, 0x157e6a00, 0x15800000)
No shared spaces configured.
}
Event: 162.861 GC heap before
{Heap before GC invocations=203 (full 7):
 def new generation   total 29312K, used 26165K [0x04400000, 0x063c0000, 0x09950000)
  eden space 26112K, 100% used [0x04400000, 0x05d80000, 0x05d80000)
  from space 3200K,   1% used [0x05d80000, 0x05d8d458, 0x060a0000)
  to   space 3200K,   0% used [0x060a0000, 0x060a0000, 0x063c0000)
 tenured generation   total 64928K, used 24748K [0x09950000, 0x0d8b8000, 0x14400000)
   the space 64928K,  38% used [0x09950000, 0x0b17b040, 0x0b17b200, 0x0d8b8000)
 compacting perm gen  total 20480K, used 20378K [0x14400000, 0x15800000, 0x18400000)
   the space 20480K,  99% used [0x14400000, 0x157e6938, 0x157e6a00, 0x15800000)
No shared spaces configured.
Event: 162.864 GC heap after
Heap after GC invocations=204 (full 7):
 def new generation   total 29312K, used 1622K [0x04400000, 0x063c0000, 0x09950000)
  eden space 26112K,   0% used [0x04400000, 0x04400000, 0x05d80000)
  from space 3200K,  50% used [0x060a0000, 0x06235ab8, 0x063c0000)
  to   space 3200K,   0% used [0x05d80000, 0x05d80000, 0x060a0000)
 tenured generation   total 64928K, used 24748K [0x09950000, 0x0d8b8000, 0x14400000)
   the space 64928K,  38% used [0x09950000, 0x0b17b040, 0x0b17b200, 0x0d8b8000)
 compacting perm gen  total 20480K, used 20378K [0x14400000, 0x15800000, 0x18400000)
   the space 20480K,  99% used [0x14400000, 0x157e6938, 0x157e6a00, 0x15800000)
No shared spaces configured.
}
Event: 168.499 GC heap before
{Heap before GC invocations=204 (full 7):
 def new generation   total 29312K, used 27734K [0x04400000, 0x063c0000, 0x09950000)
  eden space 26112K, 100% used [0x04400000, 0x05d80000, 0x05d80000)
  from space 3200K,  50% used [0x060a0000, 0x06235ab8, 0x063c0000)
  to   space 3200K,   0% used [0x05d80000, 0x05d80000, 0x060a0000)
 tenured generation   total 64928K, used 24748K [0x09950000, 0x0d8b8000, 0x14400000)
   the space 64928K,  38% used [0x09950000, 0x0b17b040, 0x0b17b200, 0x0d8b8000)
 compacting perm gen  total 20480K, used 20378K [0x14400000, 0x15800000, 0x18400000)
   the space 20480K,  99% used [0x14400000, 0x157e6938, 0x157e6a00, 0x15800000)
No shared spaces configured.
Event: 168.511 GC heap after
Heap after GC invocations=205 (full 7):
 def new generation   total 29312K, used 3199K [0x04400000, 0x063c0000, 0x09950000)
  eden space 26112K,   0% used [0x04400000, 0x04400000, 0x05d80000)
  from space 3200K,  99% used [0x05d80000, 0x0609fff8, 0x060a0000)
  to   space 3200K,   0% used [0x060a0000, 0x060a0000, 0x063c0000)
 tenured generation   total 64928K, used 29550K [0x09950000, 0x0d8b8000, 0x14400000)
   the space 64928K,  45% used [0x09950000, 0x0b62b820, 0x0b62ba00, 0x0d8b8000)
 compacting perm gen  total 20480K, used 20378K [0x14400000, 0x15800000, 0x18400000)
   the space 20480K,  99% used [0x14400000, 0x157e6938, 0x157e6a00, 0x15800000)
No shared spaces configured.
}
Event: 174.380 GC heap before
{Heap before GC invocations=205 (full 7):
 def new generation   total 29312K, used 29311K [0x04400000, 0x063c0000, 0x09950000)
  eden space 26112K, 100% used [0x04400000, 0x05d80000, 0x05d80000)
  from space 3200K,  99% used [0x05d80000, 0x0609fff8, 0x060a0000)
  to   space 3200K,   0% used [0x060a0000, 0x060a0000, 0x063c0000)
 tenured generation   total 64928K, used 29550K [0x09950000, 0x0d8b8000, 0x14400000)
   the space 64928K,  45% used [0x09950000, 0x0b62b820, 0x0b62ba00, 0x0d8b8000)
 compacting perm gen  total 20480K, used 20378K [0x14400000, 0x15800000, 0x18400000)
   the space 20480K,  99% used [0x14400000, 0x157e6938, 0x157e6a00, 0x15800000)
No shared spaces configured.
Event: 174.395 GC heap after
Heap after GC invocations=206 (full 7):
 def new generation   total 29312K, used 3199K [0x04400000, 0x063c0000, 0x09950000)
  eden space 26112K,   0% used [0x04400000, 0x04400000, 0x05d80000)
  from space 3200K,  99% used [0x060a0000, 0x063bfff8, 0x063c0000)
  to   space 3200K,   0% used [0x05d80000, 0x05d80000, 0x060a0000)
 tenured generation   total 64928K, used 35318K [0x09950000, 0x0d8b8000, 0x14400000)
   the space 64928K,  54% used [0x09950000, 0x0bbcdae8, 0x0bbcdc00, 0x0d8b8000)
 compacting perm gen  total 20480K, used 20378K [0x14400000, 0x15800000, 0x18400000)
   the space 20480K,  99% used [0x14400000, 0x157e6938, 0x157e6a00, 0x15800000)
No shared spaces configured.
}
Event: 193.625 GC heap before
{Heap before GC invocations=206 (full 7):
 def new generation   total 29312K, used 29311K [0x04400000, 0x063c0000, 0x09950000)
  eden space 26112K, 100% used [0x04400000, 0x05d80000, 0x05d80000)
  from space 3200K,  99% used [0x060a0000, 0x063bfff8, 0x063c0000)
  to   space 3200K,   0% used [0x05d80000, 0x05d80000, 0x060a0000)
 tenured generation   total 64928K, used 35318K [0x09950000, 0x0d8b8000, 0x14400000)
   the space 64928K,  54% used [0x09950000, 0x0bbcdae8, 0x0bbcdc00, 0x0d8b8000)
 compacting perm gen  total 20480K, used 20378K [0x14400000, 0x15800000, 0x18400000)
   the space 20480K,  99% used [0x14400000, 0x157e6988, 0x157e6a00, 0x15800000)
No shared spaces configured.

