# JRE version: 7.0_25-b17
# Java VM: Java HotSpot(TM) Client VM (23.25-b01 mixed mode windows-x86 )
Heap
 def new generation   total 18816K, used 2048K [0x04650000, 0x05ab0000, 0x09ba0000)
  eden space 16768K,   0% used [0x04650000, 0x04650000, 0x056b0000)
  from space 2048K, 100% used [0x056b0000, 0x058b0000, 0x058b0000)
  to   space 2048K,   0% used [0x058b0000, 0x058b0000, 0x05ab0000)
 tenured generation   total 44212K, used 44151K [0x09ba0000, 0x0c6cd000, 0x14650000)
   the space 44212K,  99% used [0x09ba0000, 0x0c6bde28, 0x0c6be000, 0x0c6cd000)
 compacting perm gen  total 19456K, used 19346K [0x14650000, 0x15950000, 0x18650000)
   the space 19456K,  99% used [0x14650000, 0x15934b50, 0x15934c00, 0x15950000)
GC Heap History (10 events):
Event: 19.655 GC heap after
Heap after GC invocations=69 (full 4):
 def new generation   total 18816K, used 1434K [0x04650000, 0x05ab0000, 0x09ba0000)
  eden space 16768K,   0% used [0x04650000, 0x04650000, 0x056b0000)
  from space 2048K,  70% used [0x058b0000, 0x05a169f0, 0x05ab0000)
  to   space 2048K,   0% used [0x056b0000, 0x056b0000, 0x058b0000)
 tenured generation   total 41652K, used 24989K [0x09ba0000, 0x0c44d000, 0x14650000)
   the space 41652K,  59% used [0x09ba0000, 0x0b4077c8, 0x0b407800, 0x0c44d000)
 compacting perm gen  total 19456K, used 19346K [0x14650000, 0x15950000, 0x18650000)
   the space 19456K,  99% used [0x14650000, 0x15934b00, 0x15934c00, 0x15950000)
No shared spaces configured.
}
Event: 19.728 GC heap before
{Heap before GC invocations=69 (full 4):
 def new generation   total 18816K, used 18202K [0x04650000, 0x05ab0000, 0x09ba0000)
  eden space 16768K, 100% used [0x04650000, 0x056b0000, 0x056b0000)
  from space 2048K,  70% used [0x058b0000, 0x05a169f0, 0x05ab0000)
  to   space 2048K,   0% used [0x056b0000, 0x056b0000, 0x058b0000)
 tenured generation   total 41652K, used 24989K [0x09ba0000, 0x0c44d000, 0x14650000)
   the space 41652K,  59% used [0x09ba0000, 0x0b4077c8, 0x0b407800, 0x0c44d000)
 compacting perm gen  total 19456K, used 19346K [0x14650000, 0x15950000, 0x18650000)
   the space 19456K,  99% used [0x14650000, 0x15934b00, 0x15934c00, 0x15950000)
No shared spaces configured.
Event: 19.738 GC heap after
Heap after GC invocations=70 (full 4):
 def new generation   total 18816K, used 2048K [0x04650000, 0x05ab0000, 0x09ba0000)
  eden space 16768K,   0% used [0x04650000, 0x04650000, 0x056b0000)
  from space 2048K, 100% used [0x056b0000, 0x058b0000, 0x058b0000)
  to   space 2048K,   0% used [0x058b0000, 0x058b0000, 0x05ab0000)
 tenured generation   total 41652K, used 29832K [0x09ba0000, 0x0c44d000, 0x14650000)
   the space 41652K,  71% used [0x09ba0000, 0x0b8c20d8, 0x0b8c2200, 0x0c44d000)
 compacting perm gen  total 19456K, used 19346K [0x14650000, 0x15950000, 0x18650000)
   the space 19456K,  99% used [0x14650000, 0x15934b00, 0x15934c00, 0x15950000)
No shared spaces configured.
}
Event: 19.776 GC heap before
{Heap before GC invocations=70 (full 4):
 def new generation   total 18816K, used 18816K [0x04650000, 0x05ab0000, 0x09ba0000)
  eden space 16768K, 100% used [0x04650000, 0x056b0000, 0x056b0000)
  from space 2048K, 100% used [0x056b0000, 0x058b0000, 0x058b0000)
  to   space 2048K,   0% used [0x058b0000, 0x058b0000, 0x05ab0000)
 tenured generation   total 41652K, used 29832K [0x09ba0000, 0x0c44d000, 0x14650000)
   the space 41652K,  71% used [0x09ba0000, 0x0b8c20d8, 0x0b8c2200, 0x0c44d000)
 compacting perm gen  total 19456K, used 19346K [0x14650000, 0x15950000, 0x18650000)
   the space 19456K,  99% used [0x14650000, 0x15934b00, 0x15934c00, 0x15950000)
No shared spaces configured.
Event: 19.782 GC heap after
Heap after GC invocations=71 (full 4):
 def new generation   total 18816K, used 1142K [0x04650000, 0x05ab0000, 0x09ba0000)
  eden space 16768K,   0% used [0x04650000, 0x04650000, 0x056b0000)
  from space 2048K,  55% used [0x058b0000, 0x059cd830, 0x05ab0000)
  to   space 2048K,   0% used [0x056b0000, 0x056b0000, 0x058b0000)
 tenured generation   total 41652K, used 31857K [0x09ba0000, 0x0c44d000, 0x14650000)
   the space 41652K,  76% used [0x09ba0000, 0x0babc648, 0x0babc800, 0x0c44d000)
 compacting perm gen  total 19456K, used 19346K [0x14650000, 0x15950000, 0x18650000)
   the space 19456K,  99% used [0x14650000, 0x15934b00, 0x15934c00, 0x15950000)
No shared spaces configured.
}
Event: 19.982 GC heap before
{Heap before GC invocations=71 (full 4):
 def new generation   total 18816K, used 17910K [0x04650000, 0x05ab0000, 0x09ba0000)
  eden space 16768K, 100% used [0x04650000, 0x056b0000, 0x056b0000)
  from space 2048K,  55% used [0x058b0000, 0x059cd830, 0x05ab0000)
  to   space 2048K,   0% used [0x056b0000, 0x056b0000, 0x058b0000)
 tenured generation   total 41652K, used 31857K [0x09ba0000, 0x0c44d000, 0x14650000)
   the space 41652K,  76% used [0x09ba0000, 0x0babc648, 0x0babc800, 0x0c44d000)
 compacting perm gen  total 19456K, used 19346K [0x14650000, 0x15950000, 0x18650000)
   the space 19456K,  99% used [0x14650000, 0x15934b20, 0x15934c00, 0x15950000)
No shared spaces configured.
Event: 19.994 GC heap after
Heap after GC invocations=72 (full 4):
 def new generation   total 18816K, used 2048K [0x04650000, 0x05ab0000, 0x09ba0000)
  eden space 16768K,   0% used [0x04650000, 0x04650000, 0x056b0000)
  from space 2048K, 100% used [0x056b0000, 0x058b0000, 0x058b0000)
  to   space 2048K,   0% used [0x058b0000, 0x058b0000, 0x05ab0000)
 tenured generation   total 41652K, used 37052K [0x09ba0000, 0x0c44d000, 0x14650000)
   the space 41652K,  88% used [0x09ba0000, 0x0bfcf1a8, 0x0bfcf200, 0x0c44d000)
 compacting perm gen  total 19456K, used 19346K [0x14650000, 0x15950000, 0x18650000)
   the space 19456K,  99% used [0x14650000, 0x15934b20, 0x15934c00, 0x15950000)
No shared spaces configured.
}
Event: 20.047 GC heap before
{Heap before GC invocations=72 (full 4):
 def new generation   total 18816K, used 18816K [0x04650000, 0x05ab0000, 0x09ba0000)
  eden space 16768K, 100% used [0x04650000, 0x056b0000, 0x056b0000)
  from space 2048K, 100% used [0x056b0000, 0x058b0000, 0x058b0000)
  to   space 2048K,   0% used [0x058b0000, 0x058b0000, 0x05ab0000)
 tenured generation   total 41652K, used 37052K [0x09ba0000, 0x0c44d000, 0x14650000)
   the space 41652K,  88% used [0x09ba0000, 0x0bfcf1a8, 0x0bfcf200, 0x0c44d000)
 compacting perm gen  total 19456K, used 19346K [0x14650000, 0x15950000, 0x18650000)
   the space 19456K,  99% used [0x14650000, 0x15934b50, 0x15934c00, 0x15950000)
No shared spaces configured.
Event: 20.053 GC heap after
Heap after GC invocations=73 (full 4):
 def new generation   total 18816K, used 1646K [0x04650000, 0x05ab0000, 0x09ba0000)
  eden space 16768K,   0% used [0x04650000, 0x04650000, 0x056b0000)
  from space 2048K,  80% used [0x058b0000, 0x05a4b8e0, 0x05ab0000)
  to   space 2048K,   0% used [0x056b0000, 0x056b0000, 0x058b0000)
 tenured generation   total 41652K, used 39090K [0x09ba0000, 0x0c44d000, 0x14650000)
   the space 41652K,  93% used [0x09ba0000, 0x0c1cca10, 0x0c1ccc00, 0x0c44d000)
 compacting perm gen  total 19456K, used 19346K [0x14650000, 0x15950000, 0x18650000)
   the space 19456K,  99% used [0x14650000, 0x15934b50, 0x15934c00, 0x15950000)
No shared spaces configured.
}
Event: 20.117 GC heap before
{Heap before GC invocations=73 (full 4):
 def new generation   total 18816K, used 18414K [0x04650000, 0x05ab0000, 0x09ba0000)
  eden space 16768K, 100% used [0x04650000, 0x056b0000, 0x056b0000)
  from space 2048K,  80% used [0x058b0000, 0x05a4b8e0, 0x05ab0000)
  to   space 2048K,   0% used [0x056b0000, 0x056b0000, 0x058b0000)
 tenured generation   total 41652K, used 39090K [0x09ba0000, 0x0c44d000, 0x14650000)
   the space 41652K,  93% used [0x09ba0000, 0x0c1cca10, 0x0c1ccc00, 0x0c44d000)
 compacting perm gen  total 19456K, used 19346K [0x14650000, 0x15950000, 0x18650000)
   the space 19456K,  99% used [0x14650000, 0x15934b50, 0x15934c00, 0x15950000)
No shared spaces configured.

