# JRE version: 7.0_25-b17
# Java VM: Java HotSpot(TM) Client VM (23.25-b01 mixed mode windows-x86 )
Heap
 def new generation   total 28608K, used 28607K [0x043f0000, 0x062f0000, 0x09940000)
  eden space 25472K, 100% used [0x043f0000, 0x05cd0000, 0x05cd0000)
  from space 3136K,  99% used [0x05fe0000, 0x062efff8, 0x062f0000)
  to   space 3136K,  99% used [0x05cd0000, 0x05fdfff8, 0x05fe0000)
 tenured generation   total 63360K, used 58430K [0x09940000, 0x0d720000, 0x143f0000)
   the space 63360K,  92% used [0x09940000, 0x0d24f858, 0x0d24fa00, 0x0d720000)
 compacting perm gen  total 19456K, used 19370K [0x143f0000, 0x156f0000, 0x183f0000)
   the space 19456K,  99% used [0x143f0000, 0x156da900, 0x156daa00, 0x156f0000)
GC Heap History (10 events):
Event: 16.772 GC heap after
Heap after GC invocations=56 (full 4):
 def new generation   total 28608K, used 2611K [0x043f0000, 0x062f0000, 0x09940000)
  eden space 25472K,   0% used [0x043f0000, 0x043f0000, 0x05cd0000)
  from space 3136K,  83% used [0x05fe0000, 0x0626cc20, 0x062f0000)
  to   space 3136K,   0% used [0x05cd0000, 0x05cd0000, 0x05fe0000)
 tenured generation   total 63360K, used 38015K [0x09940000, 0x0d720000, 0x143f0000)
   the space 63360K,  59% used [0x09940000, 0x0be5fd08, 0x0be5fe00, 0x0d720000)
 compacting perm gen  total 19456K, used 19370K [0x143f0000, 0x156f0000, 0x183f0000)
   the space 19456K,  99% used [0x143f0000, 0x156da800, 0x156da800, 0x156f0000)
No shared spaces configured.
}
Event: 16.876 GC heap before
{Heap before GC invocations=56 (full 4):
 def new generation   total 28608K, used 28083K [0x043f0000, 0x062f0000, 0x09940000)
  eden space 25472K, 100% used [0x043f0000, 0x05cd0000, 0x05cd0000)
  from space 3136K,  83% used [0x05fe0000, 0x0626cc20, 0x062f0000)
  to   space 3136K,   0% used [0x05cd0000, 0x05cd0000, 0x05fe0000)
 tenured generation   total 63360K, used 38015K [0x09940000, 0x0d720000, 0x143f0000)
   the space 63360K,  59% used [0x09940000, 0x0be5fd08, 0x0be5fe00, 0x0d720000)
 compacting perm gen  total 19456K, used 19370K [0x143f0000, 0x156f0000, 0x183f0000)
   the space 19456K,  99% used [0x143f0000, 0x156da870, 0x156daa00, 0x156f0000)
No shared spaces configured.
Event: 16.891 GC heap after
Heap after GC invocations=57 (full 4):
 def new generation   total 28608K, used 3136K [0x043f0000, 0x062f0000, 0x09940000)
  eden space 25472K,   0% used [0x043f0000, 0x043f0000, 0x05cd0000)
  from space 3136K, 100% used [0x05cd0000, 0x05fe0000, 0x05fe0000)
  to   space 3136K,   0% used [0x05fe0000, 0x05fe0000, 0x062f0000)
 tenured generation   total 63360K, used 44535K [0x09940000, 0x0d720000, 0x143f0000)
   the space 63360K,  70% used [0x09940000, 0x0c4bdcb0, 0x0c4bde00, 0x0d720000)
 compacting perm gen  total 19456K, used 19370K [0x143f0000, 0x156f0000, 0x183f0000)
   the space 19456K,  99% used [0x143f0000, 0x156da870, 0x156daa00, 0x156f0000)
No shared spaces configured.
}
Event: 16.985 GC heap before
{Heap before GC invocations=57 (full 4):
 def new generation   total 28608K, used 28608K [0x043f0000, 0x062f0000, 0x09940000)
  eden space 25472K, 100% used [0x043f0000, 0x05cd0000, 0x05cd0000)
  from space 3136K, 100% used [0x05cd0000, 0x05fe0000, 0x05fe0000)
  to   space 3136K,   0% used [0x05fe0000, 0x05fe0000, 0x062f0000)
 tenured generation   total 63360K, used 44535K [0x09940000, 0x0d720000, 0x143f0000)
   the space 63360K,  70% used [0x09940000, 0x0c4bdcb0, 0x0c4bde00, 0x0d720000)
 compacting perm gen  total 19456K, used 19370K [0x143f0000, 0x156f0000, 0x183f0000)
   the space 19456K,  99% used [0x143f0000, 0x156da8a0, 0x156daa00, 0x156f0000)
No shared spaces configured.
Event: 16.990 GC heap after
Heap after GC invocations=58 (full 4):
 def new generation   total 28608K, used 979K [0x043f0000, 0x062f0000, 0x09940000)
  eden space 25472K,   0% used [0x043f0000, 0x043f0000, 0x05cd0000)
  from space 3136K,  31% used [0x05fe0000, 0x060d4e08, 0x062f0000)
  to   space 3136K,   0% used [0x05cd0000, 0x05cd0000, 0x05fe0000)
 tenured generation   total 63360K, used 46006K [0x09940000, 0x0d720000, 0x143f0000)
   the space 63360K,  72% used [0x09940000, 0x0c62d8c8, 0x0c62da00, 0x0d720000)
 compacting perm gen  total 19456K, used 19370K [0x143f0000, 0x156f0000, 0x183f0000)
   the space 19456K,  99% used [0x143f0000, 0x156da8a0, 0x156daa00, 0x156f0000)
No shared spaces configured.
}
Event: 17.057 GC heap before
{Heap before GC invocations=58 (full 4):
 def new generation   total 28608K, used 26451K [0x043f0000, 0x062f0000, 0x09940000)
  eden space 25472K, 100% used [0x043f0000, 0x05cd0000, 0x05cd0000)
  from space 3136K,  31% used [0x05fe0000, 0x060d4e08, 0x062f0000)
  to   space 3136K,   0% used [0x05cd0000, 0x05cd0000, 0x05fe0000)
 tenured generation   total 63360K, used 46006K [0x09940000, 0x0d720000, 0x143f0000)
   the space 63360K,  72% used [0x09940000, 0x0c62d8c8, 0x0c62da00, 0x0d720000)
 compacting perm gen  total 19456K, used 19370K [0x143f0000, 0x156f0000, 0x183f0000)
   the space 19456K,  99% used [0x143f0000, 0x156da8a0, 0x156daa00, 0x156f0000)
No shared spaces configured.
Event: 17.069 GC heap after
Heap after GC invocations=59 (full 4):
 def new generation   total 28608K, used 3136K [0x043f0000, 0x062f0000, 0x09940000)
  eden space 25472K,   0% used [0x043f0000, 0x043f0000, 0x05cd0000)
  from space 3136K, 100% used [0x05cd0000, 0x05fe0000, 0x05fe0000)
  to   space 3136K,   0% used [0x05fe0000, 0x05fe0000, 0x062f0000)
 tenured generation   total 63360K, used 50442K [0x09940000, 0x0d720000, 0x143f0000)
   the space 63360K,  79% used [0x09940000, 0x0ca82a68, 0x0ca82c00, 0x0d720000)
 compacting perm gen  total 19456K, used 19370K [0x143f0000, 0x156f0000, 0x183f0000)
   the space 19456K,  99% used [0x143f0000, 0x156da8a0, 0x156daa00, 0x156f0000)
No shared spaces configured.
}
Event: 17.141 GC heap before
{Heap before GC invocations=59 (full 4):
 def new generation   total 28608K, used 28608K [0x043f0000, 0x062f0000, 0x09940000)
  eden space 25472K, 100% used [0x043f0000, 0x05cd0000, 0x05cd0000)
  from space 3136K, 100% used [0x05cd0000, 0x05fe0000, 0x05fe0000)
  to   space 3136K,   0% used [0x05fe0000, 0x05fe0000, 0x062f0000)
 tenured generation   total 63360K, used 50442K [0x09940000, 0x0d720000, 0x143f0000)
   the space 63360K,  79% used [0x09940000, 0x0ca82a68, 0x0ca82c00, 0x0d720000)
 compacting perm gen  total 19456K, used 19370K [0x143f0000, 0x156f0000, 0x183f0000)
   the space 19456K,  99% used [0x143f0000, 0x156da8e0, 0x156daa00, 0x156f0000)
No shared spaces configured.
Event: 17.152 GC heap after
Heap after GC invocations=60 (full 4):
 def new generation   total 28608K, used 3135K [0x043f0000, 0x062f0000, 0x09940000)
  eden space 25472K,   0% used [0x043f0000, 0x043f0000, 0x05cd0000)
  from space 3136K,  99% used [0x05fe0000, 0x062efff8, 0x062f0000)
  to   space 3136K,   0% used [0x05cd0000, 0x05cd0000, 0x05fe0000)
 tenured generation   total 63360K, used 54226K [0x09940000, 0x0d720000, 0x143f0000)
   the space 63360K,  85% used [0x09940000, 0x0ce34a70, 0x0ce34c00, 0x0d720000)
 compacting perm gen  total 19456K, used 19370K [0x143f0000, 0x156f0000, 0x183f0000)
   the space 19456K,  99% used [0x143f0000, 0x156da8e0, 0x156daa00, 0x156f0000)
No shared spaces configured.
}
Event: 17.384 GC heap before
{Heap before GC invocations=60 (full 4):
 def new generation   total 28608K, used 28607K [0x043f0000, 0x062f0000, 0x09940000)
  eden space 25472K, 100% used [0x043f0000, 0x05cd0000, 0x05cd0000)
  from space 3136K,  99% used [0x05fe0000, 0x062efff8, 0x062f0000)
  to   space 3136K,   0% used [0x05cd0000, 0x05cd0000, 0x05fe0000)
 tenured generation   total 63360K, used 54226K [0x09940000, 0x0d720000, 0x143f0000)
   the space 63360K,  85% used [0x09940000, 0x0ce34a70, 0x0ce34c00, 0x0d720000)
 compacting perm gen  total 19456K, used 19370K [0x143f0000, 0x156f0000, 0x183f0000)
   the space 19456K,  99% used [0x143f0000, 0x156da900, 0x156daa00, 0x156f0000)
No shared spaces configured.

