# JRE version: 7.0_25-b17
# Java VM: Java HotSpot(TM) Client VM (23.25-b01 mixed mode, sharing windows-x86 )
Heap
 def new generation   total 28992K, used 28992K [0x247c0000, 0x26730000, 0x29d10000)
  eden space 25792K, 100% used [0x247c0000, 0x260f0000, 0x260f0000)
  from space 3200K, 100% used [0x260f0000, 0x26410000, 0x26410000)
  to   space 3200K,   8% used [0x26410000, 0x26454dd0, 0x26730000)
 tenured generation   total 64332K, used 48454K [0x29d10000, 0x2dbe3000, 0x347c0000)
   the space 64332K,  75% used [0x29d10000, 0x2cc61820, 0x2cc61a00, 0x2dbe3000)
 compacting perm gen  total 16128K, used 15959K [0x347c0000, 0x35780000, 0x387c0000)
   the space 16128K,  98% used [0x347c0000, 0x35755f20, 0x35756000, 0x35780000)
    ro space 10240K,  42% used [0x387c0000, 0x38c04240, 0x38c04400, 0x391c0000)
    rw space 12288K,  54% used [0x391c0000, 0x39844d58, 0x39844e00, 0x39dc0000)
GC Heap History (10 events):
Event: 26.241 GC heap after
Heap after GC invocations=81 (full 7):
 def new generation   total 28992K, used 73K [0x247c0000, 0x26730000, 0x29d10000)
  eden space 25792K,   0% used [0x247c0000, 0x247c0000, 0x260f0000)
  from space 3200K,   2% used [0x260f0000, 0x26102538, 0x26410000)
  to   space 3200K,   0% used [0x26410000, 0x26410000, 0x26730000)
 tenured generation   total 64332K, used 40139K [0x29d10000, 0x2dbe3000, 0x347c0000)
   the space 64332K,  62% used [0x29d10000, 0x2c442ee8, 0x2c443000, 0x2dbe3000)
 compacting perm gen  total 16128K, used 15959K [0x347c0000, 0x35780000, 0x387c0000)
   the space 16128K,  98% used [0x347c0000, 0x35755ec0, 0x35756000, 0x35780000)
    ro space 10240K,  42% used [0x387c0000, 0x38c04240, 0x38c04400, 0x391c0000)
    rw space 12288K,  54% used [0x391c0000, 0x39844d58, 0x39844e00, 0x39dc0000)
}
Event: 26.420 GC heap before
{Heap before GC invocations=81 (full 7):
 def new generation   total 28992K, used 25865K [0x247c0000, 0x26730000, 0x29d10000)
  eden space 25792K, 100% used [0x247c0000, 0x260f0000, 0x260f0000)
  from space 3200K,   2% used [0x260f0000, 0x26102538, 0x26410000)
  to   space 3200K,   0% used [0x26410000, 0x26410000, 0x26730000)
 tenured generation   total 64332K, used 40139K [0x29d10000, 0x2dbe3000, 0x347c0000)
   the space 64332K,  62% used [0x29d10000, 0x2c442ee8, 0x2c443000, 0x2dbe3000)
 compacting perm gen  total 16128K, used 15959K [0x347c0000, 0x35780000, 0x387c0000)
   the space 16128K,  98% used [0x347c0000, 0x35755ee0, 0x35756000, 0x35780000)
    ro space 10240K,  42% used [0x387c0000, 0x38c04240, 0x38c04400, 0x391c0000)
    rw space 12288K,  54% used [0x391c0000, 0x39844d58, 0x39844e00, 0x39dc0000)
Event: 26.421 GC heap after
Heap after GC invocations=82 (full 7):
 def new generation   total 28992K, used 69K [0x247c0000, 0x26730000, 0x29d10000)
  eden space 25792K,   0% used [0x247c0000, 0x247c0000, 0x260f0000)
  from space 3200K,   2% used [0x26410000, 0x26421688, 0x26730000)
  to   space 3200K,   0% used [0x260f0000, 0x260f0000, 0x26410000)
 tenured generation   total 64332K, used 40139K [0x29d10000, 0x2dbe3000, 0x347c0000)
   the space 64332K,  62% used [0x29d10000, 0x2c442ee8, 0x2c443000, 0x2dbe3000)
 compacting perm gen  total 16128K, used 15959K [0x347c0000, 0x35780000, 0x387c0000)
   the space 16128K,  98% used [0x347c0000, 0x35755ee0, 0x35756000, 0x35780000)
    ro space 10240K,  42% used [0x387c0000, 0x38c04240, 0x38c04400, 0x391c0000)
    rw space 12288K,  54% used [0x391c0000, 0x39844d58, 0x39844e00, 0x39dc0000)
}
Event: 26.544 GC heap before
{Heap before GC invocations=82 (full 7):
 def new generation   total 28992K, used 25861K [0x247c0000, 0x26730000, 0x29d10000)
  eden space 25792K, 100% used [0x247c0000, 0x260f0000, 0x260f0000)
  from space 3200K,   2% used [0x26410000, 0x26421688, 0x26730000)
  to   space 3200K,   0% used [0x260f0000, 0x260f0000, 0x26410000)
 tenured generation   total 64332K, used 40139K [0x29d10000, 0x2dbe3000, 0x347c0000)
   the space 64332K,  62% used [0x29d10000, 0x2c442ee8, 0x2c443000, 0x2dbe3000)
 compacting perm gen  total 16128K, used 15959K [0x347c0000, 0x35780000, 0x387c0000)
   the space 16128K,  98% used [0x347c0000, 0x35755f00, 0x35756000, 0x35780000)
    ro space 10240K,  42% used [0x387c0000, 0x38c04240, 0x38c04400, 0x391c0000)
    rw space 12288K,  54% used [0x391c0000, 0x39844d58, 0x39844e00, 0x39dc0000)
Event: 26.545 GC heap after
Heap after GC invocations=83 (full 7):
 def new generation   total 28992K, used 69K [0x247c0000, 0x26730000, 0x29d10000)
  eden space 25792K,   0% used [0x247c0000, 0x247c0000, 0x260f0000)
  from space 3200K,   2% used [0x260f0000, 0x261016f0, 0x26410000)
  to   space 3200K,   0% used [0x26410000, 0x26410000, 0x26730000)
 tenured generation   total 64332K, used 40139K [0x29d10000, 0x2dbe3000, 0x347c0000)
   the space 64332K,  62% used [0x29d10000, 0x2c442ee8, 0x2c443000, 0x2dbe3000)
 compacting perm gen  total 16128K, used 15959K [0x347c0000, 0x35780000, 0x387c0000)
   the space 16128K,  98% used [0x347c0000, 0x35755f00, 0x35756000, 0x35780000)
    ro space 10240K,  42% used [0x387c0000, 0x38c04240, 0x38c04400, 0x391c0000)
    rw space 12288K,  54% used [0x391c0000, 0x39844d58, 0x39844e00, 0x39dc0000)
}
Event: 28.343 GC heap before
{Heap before GC invocations=83 (full 7):
 def new generation   total 28992K, used 25861K [0x247c0000, 0x26730000, 0x29d10000)
  eden space 25792K, 100% used [0x247c0000, 0x260f0000, 0x260f0000)
  from space 3200K,   2% used [0x260f0000, 0x261016f0, 0x26410000)
  to   space 3200K,   0% used [0x26410000, 0x26410000, 0x26730000)
 tenured generation   total 64332K, used 40139K [0x29d10000, 0x2dbe3000, 0x347c0000)
   the space 64332K,  62% used [0x29d10000, 0x2c442ee8, 0x2c443000, 0x2dbe3000)
 compacting perm gen  total 16128K, used 15959K [0x347c0000, 0x35780000, 0x387c0000)
   the space 16128K,  98% used [0x347c0000, 0x35755f00, 0x35756000, 0x35780000)
    ro space 10240K,  42% used [0x387c0000, 0x38c04240, 0x38c04400, 0x391c0000)
    rw space 12288K,  54% used [0x391c0000, 0x39844d58, 0x39844e00, 0x39dc0000)
Event: 28.346 GC heap after
Heap after GC invocations=84 (full 7):
 def new generation   total 28992K, used 1743K [0x247c0000, 0x26730000, 0x29d10000)
  eden space 25792K,   0% used [0x247c0000, 0x247c0000, 0x260f0000)
  from space 3200K,  54% used [0x26410000, 0x265c3f10, 0x26730000)
  to   space 3200K,   0% used [0x260f0000, 0x260f0000, 0x26410000)
 tenured generation   total 64332K, used 40139K [0x29d10000, 0x2dbe3000, 0x347c0000)
   the space 64332K,  62% used [0x29d10000, 0x2c442ee8, 0x2c443000, 0x2dbe3000)
 compacting perm gen  total 16128K, used 15959K [0x347c0000, 0x35780000, 0x387c0000)
   the space 16128K,  98% used [0x347c0000, 0x35755f00, 0x35756000, 0x35780000)
    ro space 10240K,  42% used [0x387c0000, 0x38c04240, 0x38c04400, 0x391c0000)
    rw space 12288K,  54% used [0x391c0000, 0x39844d58, 0x39844e00, 0x39dc0000)
}
Event: 28.428 GC heap before
{Heap before GC invocations=84 (full 7):
 def new generation   total 28992K, used 27535K [0x247c0000, 0x26730000, 0x29d10000)
  eden space 25792K, 100% used [0x247c0000, 0x260f0000, 0x260f0000)
  from space 3200K,  54% used [0x26410000, 0x265c3f10, 0x26730000)
  to   space 3200K,   0% used [0x260f0000, 0x260f0000, 0x26410000)
 tenured generation   total 64332K, used 40139K [0x29d10000, 0x2dbe3000, 0x347c0000)
   the space 64332K,  62% used [0x29d10000, 0x2c442ee8, 0x2c443000, 0x2dbe3000)
 compacting perm gen  total 16128K, used 15959K [0x347c0000, 0x35780000, 0x387c0000)
   the space 16128K,  98% used [0x347c0000, 0x35755f20, 0x35756000, 0x35780000)
    ro space 10240K,  42% used [0x387c0000, 0x38c04240, 0x38c04400, 0x391c0000)
    rw space 12288K,  54% used [0x391c0000, 0x39844d58, 0x39844e00, 0x39dc0000)
Event: 28.440 GC heap after
Heap after GC invocations=85 (full 7):
 def new generation   total 28992K, used 3200K [0x247c0000, 0x26730000, 0x29d10000)
  eden space 25792K,   0% used [0x247c0000, 0x247c0000, 0x260f0000)
  from space 3200K, 100% used [0x260f0000, 0x26410000, 0x26410000)
  to   space 3200K,   0% used [0x26410000, 0x26410000, 0x26730000)
 tenured generation   total 64332K, used 45836K [0x29d10000, 0x2dbe3000, 0x347c0000)
   the space 64332K,  71% used [0x29d10000, 0x2c9d3398, 0x2c9d3400, 0x2dbe3000)
 compacting perm gen  total 16128K, used 15959K [0x347c0000, 0x35780000, 0x387c0000)
   the space 16128K,  98% used [0x347c0000, 0x35755f20, 0x35756000, 0x35780000)
    ro space 10240K,  42% used [0x387c0000, 0x38c04240, 0x38c04400, 0x391c0000)
    rw space 12288K,  54% used [0x391c0000, 0x39844d58, 0x39844e00, 0x39dc0000)
}
Event: 28.551 GC heap before
{Heap before GC invocations=85 (full 7):
 def new generation   total 28992K, used 28992K [0x247c0000, 0x26730000, 0x29d10000)
  eden space 25792K, 100% used [0x247c0000, 0x260f0000, 0x260f0000)
  from space 3200K, 100% used [0x260f0000, 0x26410000, 0x26410000)
  to   space 3200K,   0% used [0x26410000, 0x26410000, 0x26730000)
 tenured generation   total 64332K, used 45836K [0x29d10000, 0x2dbe3000, 0x347c0000)
   the space 64332K,  71% used [0x29d10000, 0x2c9d3398, 0x2c9d3400, 0x2dbe3000)
 compacting perm gen  total 16128K, used 15959K [0x347c0000, 0x35780000, 0x387c0000)
   the space 16128K,  98% used [0x347c0000, 0x35755f20, 0x35756000, 0x35780000)
    ro space 10240K,  42% used [0x387c0000, 0x38c04240, 0x38c04400, 0x391c0000)
    rw space 12288K,  54% used [0x391c0000, 0x39844d58, 0x39844e00, 0x39dc0000)

