# JRE version: 7.0_25-b17
# Java VM: Java HotSpot(TM) Client VM (23.25-b01 mixed mode, sharing windows-x86 )
Heap
 def new generation   total 26688K, used 23796K [0x247c0000, 0x264b0000, 0x29d10000)
  eden space 23744K, 100% used [0x247c0000, 0x25ef0000, 0x25ef0000)
  from space 2944K,   1% used [0x25ef0000, 0x25efd178, 0x261d0000)
  to   space 2944K,   0% used [0x261d0000, 0x261d2560, 0x264b0000)
 tenured generation   total 59248K, used 32093K [0x29d10000, 0x2d6ec000, 0x347c0000)
   the space 59248K,  54% used [0x29d10000, 0x2bc67558, 0x2bc67600, 0x2d6ec000)
 compacting perm gen  total 16640K, used 16462K [0x347c0000, 0x35800000, 0x387c0000)
   the space 16640K,  98% used [0x347c0000, 0x357d38f8, 0x357d3a00, 0x35800000)
    ro space 10240K,  42% used [0x387c0000, 0x38c04240, 0x38c04400, 0x391c0000)
    rw space 12288K,  54% used [0x391c0000, 0x39844d58, 0x39844e00, 0x39dc0000)
GC Heap History (10 events):
Event: 120.006 GC heap after
Heap after GC invocations=367 (full 10):
 def new generation   total 26688K, used 49K [0x247c0000, 0x264b0000, 0x29d10000)
  eden space 23744K,   0% used [0x247c0000, 0x247c0000, 0x25ef0000)
  from space 2944K,   1% used [0x25ef0000, 0x25efc6e8, 0x261d0000)
  to   space 2944K,   0% used [0x261d0000, 0x261d0000, 0x264b0000)
 tenured generation   total 59248K, used 32092K [0x29d10000, 0x2d6ec000, 0x347c0000)
   the space 59248K,  54% used [0x29d10000, 0x2bc67020, 0x2bc67200, 0x2d6ec000)
 compacting perm gen  total 16640K, used 16462K [0x347c0000, 0x35800000, 0x387c0000)
   the space 16640K,  98% used [0x347c0000, 0x357d38f8, 0x357d3a00, 0x35800000)
    ro space 10240K,  42% used [0x387c0000, 0x38c04240, 0x38c04400, 0x391c0000)
    rw space 12288K,  54% used [0x391c0000, 0x39844d58, 0x39844e00, 0x39dc0000)
}
Event: 120.156 GC heap before
{Heap before GC invocations=367 (full 10):
 def new generation   total 26688K, used 23793K [0x247c0000, 0x264b0000, 0x29d10000)
  eden space 23744K, 100% used [0x247c0000, 0x25ef0000, 0x25ef0000)
  from space 2944K,   1% used [0x25ef0000, 0x25efc6e8, 0x261d0000)
  to   space 2944K,   0% used [0x261d0000, 0x261d0000, 0x264b0000)
 tenured generation   total 59248K, used 32092K [0x29d10000, 0x2d6ec000, 0x347c0000)
   the space 59248K,  54% used [0x29d10000, 0x2bc67020, 0x2bc67200, 0x2d6ec000)
 compacting perm gen  total 16640K, used 16462K [0x347c0000, 0x35800000, 0x387c0000)
   the space 16640K,  98% used [0x347c0000, 0x357d38f8, 0x357d3a00, 0x35800000)
    ro space 10240K,  42% used [0x387c0000, 0x38c04240, 0x38c04400, 0x391c0000)
    rw space 12288K,  54% used [0x391c0000, 0x39844d58, 0x39844e00, 0x39dc0000)
Event: 120.158 GC heap after
Heap after GC invocations=368 (full 10):
 def new generation   total 26688K, used 53K [0x247c0000, 0x264b0000, 0x29d10000)
  eden space 23744K,   0% used [0x247c0000, 0x247c0000, 0x25ef0000)
  from space 2944K,   1% used [0x261d0000, 0x261dd400, 0x264b0000)
  to   space 2944K,   0% used [0x25ef0000, 0x25ef0000, 0x261d0000)
 tenured generation   total 59248K, used 32092K [0x29d10000, 0x2d6ec000, 0x347c0000)
   the space 59248K,  54% used [0x29d10000, 0x2bc67020, 0x2bc67200, 0x2d6ec000)
 compacting perm gen  total 16640K, used 16462K [0x347c0000, 0x35800000, 0x387c0000)
   the space 16640K,  98% used [0x347c0000, 0x357d38f8, 0x357d3a00, 0x35800000)
    ro space 10240K,  42% used [0x387c0000, 0x38c04240, 0x38c04400, 0x391c0000)
    rw space 12288K,  54% used [0x391c0000, 0x39844d58, 0x39844e00, 0x39dc0000)
}
Event: 120.312 GC heap before
{Heap before GC invocations=368 (full 10):
 def new generation   total 26688K, used 23797K [0x247c0000, 0x264b0000, 0x29d10000)
  eden space 23744K, 100% used [0x247c0000, 0x25ef0000, 0x25ef0000)
  from space 2944K,   1% used [0x261d0000, 0x261dd400, 0x264b0000)
  to   space 2944K,   0% used [0x25ef0000, 0x25ef0000, 0x261d0000)
 tenured generation   total 59248K, used 32092K [0x29d10000, 0x2d6ec000, 0x347c0000)
   the space 59248K,  54% used [0x29d10000, 0x2bc67020, 0x2bc67200, 0x2d6ec000)
 compacting perm gen  total 16640K, used 16462K [0x347c0000, 0x35800000, 0x387c0000)
   the space 16640K,  98% used [0x347c0000, 0x357d38f8, 0x357d3a00, 0x35800000)
    ro space 10240K,  42% used [0x387c0000, 0x38c04240, 0x38c04400, 0x391c0000)
    rw space 12288K,  54% used [0x391c0000, 0x39844d58, 0x39844e00, 0x39dc0000)
Event: 120.314 GC heap after
Heap after GC invocations=369 (full 10):
 def new generation   total 26688K, used 50K [0x247c0000, 0x264b0000, 0x29d10000)
  eden space 23744K,   0% used [0x247c0000, 0x247c0000, 0x25ef0000)
  from space 2944K,   1% used [0x25ef0000, 0x25efc900, 0x261d0000)
  to   space 2944K,   0% used [0x261d0000, 0x261d0000, 0x264b0000)
 tenured generation   total 59248K, used 32092K [0x29d10000, 0x2d6ec000, 0x347c0000)
   the space 59248K,  54% used [0x29d10000, 0x2bc671d0, 0x2bc67200, 0x2d6ec000)
 compacting perm gen  total 16640K, used 16462K [0x347c0000, 0x35800000, 0x387c0000)
   the space 16640K,  98% used [0x347c0000, 0x357d38f8, 0x357d3a00, 0x35800000)
    ro space 10240K,  42% used [0x387c0000, 0x38c04240, 0x38c04400, 0x391c0000)
    rw space 12288K,  54% used [0x391c0000, 0x39844d58, 0x39844e00, 0x39dc0000)
}
Event: 120.469 GC heap before
{Heap before GC invocations=369 (full 10):
 def new generation   total 26688K, used 23794K [0x247c0000, 0x264b0000, 0x29d10000)
  eden space 23744K, 100% used [0x247c0000, 0x25ef0000, 0x25ef0000)
  from space 2944K,   1% used [0x25ef0000, 0x25efc900, 0x261d0000)
  to   space 2944K,   0% used [0x261d0000, 0x261d0000, 0x264b0000)
 tenured generation   total 59248K, used 32092K [0x29d10000, 0x2d6ec000, 0x347c0000)
   the space 59248K,  54% used [0x29d10000, 0x2bc671d0, 0x2bc67200, 0x2d6ec000)
 compacting perm gen  total 16640K, used 16462K [0x347c0000, 0x35800000, 0x387c0000)
   the space 16640K,  98% used [0x347c0000, 0x357d38f8, 0x357d3a00, 0x35800000)
    ro space 10240K,  42% used [0x387c0000, 0x38c04240, 0x38c04400, 0x391c0000)
    rw space 12288K,  54% used [0x391c0000, 0x39844d58, 0x39844e00, 0x39dc0000)
Event: 120.471 GC heap after
Heap after GC invocations=370 (full 10):
 def new generation   total 26688K, used 51K [0x247c0000, 0x264b0000, 0x29d10000)
  eden space 23744K,   0% used [0x247c0000, 0x247c0000, 0x25ef0000)
  from space 2944K,   1% used [0x261d0000, 0x261dcf18, 0x264b0000)
  to   space 2944K,   0% used [0x25ef0000, 0x25ef0000, 0x261d0000)
 tenured generation   total 59248K, used 32093K [0x29d10000, 0x2d6ec000, 0x347c0000)
   the space 59248K,  54% used [0x29d10000, 0x2bc67468, 0x2bc67600, 0x2d6ec000)
 compacting perm gen  total 16640K, used 16462K [0x347c0000, 0x35800000, 0x387c0000)
   the space 16640K,  98% used [0x347c0000, 0x357d38f8, 0x357d3a00, 0x35800000)
    ro space 10240K,  42% used [0x387c0000, 0x38c04240, 0x38c04400, 0x391c0000)
    rw space 12288K,  54% used [0x391c0000, 0x39844d58, 0x39844e00, 0x39dc0000)
}
Event: 120.606 GC heap before
{Heap before GC invocations=370 (full 10):
 def new generation   total 26688K, used 23795K [0x247c0000, 0x264b0000, 0x29d10000)
  eden space 23744K, 100% used [0x247c0000, 0x25ef0000, 0x25ef0000)
  from space 2944K,   1% used [0x261d0000, 0x261dcf18, 0x264b0000)
  to   space 2944K,   0% used [0x25ef0000, 0x25ef0000, 0x261d0000)
 tenured generation   total 59248K, used 32093K [0x29d10000, 0x2d6ec000, 0x347c0000)
   the space 59248K,  54% used [0x29d10000, 0x2bc67468, 0x2bc67600, 0x2d6ec000)
 compacting perm gen  total 16640K, used 16462K [0x347c0000, 0x35800000, 0x387c0000)
   the space 16640K,  98% used [0x347c0000, 0x357d38f8, 0x357d3a00, 0x35800000)
    ro space 10240K,  42% used [0x387c0000, 0x38c04240, 0x38c04400, 0x391c0000)
    rw space 12288K,  54% used [0x391c0000, 0x39844d58, 0x39844e00, 0x39dc0000)
Event: 120.608 GC heap after
Heap after GC invocations=371 (full 10):
 def new generation   total 26688K, used 52K [0x247c0000, 0x264b0000, 0x29d10000)
  eden space 23744K,   0% used [0x247c0000, 0x247c0000, 0x25ef0000)
  from space 2944K,   1% used [0x25ef0000, 0x25efd178, 0x261d0000)
  to   space 2944K,   0% used [0x261d0000, 0x261d0000, 0x264b0000)
 tenured generation   total 59248K, used 32093K [0x29d10000, 0x2d6ec000, 0x347c0000)
   the space 59248K,  54% used [0x29d10000, 0x2bc67558, 0x2bc67600, 0x2d6ec000)
 compacting perm gen  total 16640K, used 16462K [0x347c0000, 0x35800000, 0x387c0000)
   the space 16640K,  98% used [0x347c0000, 0x357d38f8, 0x357d3a00, 0x35800000)
    ro space 10240K,  42% used [0x387c0000, 0x38c04240, 0x38c04400, 0x391c0000)
    rw space 12288K,  54% used [0x391c0000, 0x39844d58, 0x39844e00, 0x39dc0000)
}
Event: 120.812 GC heap before
{Heap before GC invocations=371 (full 10):
 def new generation   total 26688K, used 23796K [0x247c0000, 0x264b0000, 0x29d10000)
  eden space 23744K, 100% used [0x247c0000, 0x25ef0000, 0x25ef0000)
  from space 2944K,   1% used [0x25ef0000, 0x25efd178, 0x261d0000)
  to   space 2944K,   0% used [0x261d0000, 0x261d0000, 0x264b0000)
 tenured generation   total 59248K, used 32093K [0x29d10000, 0x2d6ec000, 0x347c0000)
   the space 59248K,  54% used [0x29d10000, 0x2bc67558, 0x2bc67600, 0x2d6ec000)
 compacting perm gen  total 16640K, used 16462K [0x347c0000, 0x35800000, 0x387c0000)
   the space 16640K,  98% used [0x347c0000, 0x357d38f8, 0x357d3a00, 0x35800000)
    ro space 10240K,  42% used [0x387c0000, 0x38c04240, 0x38c04400, 0x391c0000)
    rw space 12288K,  54% used [0x391c0000, 0x39844d58, 0x39844e00, 0x39dc0000)

