# JRE version: 7.0_25-b17
# Java VM: Java HotSpot(TM) Client VM (23.25-b01 mixed mode, sharing windows-x86 )
Heap
 def new generation   total 29952K, used 26688K [0x247c0000, 0x26830000, 0x29d10000)
  eden space 26688K, 100% used [0x247c0000, 0x261d0000, 0x261d0000)
  from space 3264K,   0% used [0x261d0000, 0x261d0000, 0x26500000)
  to   space 3264K, 100% used [0x26500000, 0x26830000, 0x26830000)
 tenured generation   total 66384K, used 33660K [0x29d10000, 0x2dde4000, 0x347c0000)
   the space 66384K,  50% used [0x29d10000, 0x2bdef340, 0x2bdef400, 0x2dde4000)
 compacting perm gen  total 16128K, used 15944K [0x347c0000, 0x35780000, 0x387c0000)
   the space 16128K,  98% used [0x347c0000, 0x357520e8, 0x35752200, 0x35780000)
    ro space 10240K,  42% used [0x387c0000, 0x38c04240, 0x38c04400, 0x391c0000)
    rw space 12288K,  54% used [0x391c0000, 0x39844d58, 0x39844e00, 0x39dc0000)
GC Heap History (10 events):
Event: 18.895 GC heap after
Heap after GC invocations=67 (full 5):
 def new generation   total 29952K, used 1795K [0x247c0000, 0x26830000, 0x29d10000)
  eden space 26688K,   0% used [0x247c0000, 0x247c0000, 0x261d0000)
  from space 3264K,  55% used [0x261d0000, 0x26390db8, 0x26500000)
  to   space 3264K,   0% used [0x26500000, 0x26500000, 0x26830000)
 tenured generation   total 66384K, used 47321K [0x29d10000, 0x2dde4000, 0x347c0000)
   the space 66384K,  71% used [0x29d10000, 0x2cb464b8, 0x2cb46600, 0x2dde4000)
 compacting perm gen  total 16128K, used 15931K [0x347c0000, 0x35780000, 0x387c0000)
   the space 16128K,  98% used [0x347c0000, 0x3574eed0, 0x3574f000, 0x35780000)
    ro space 10240K,  42% used [0x387c0000, 0x38c04240, 0x38c04400, 0x391c0000)
    rw space 12288K,  54% used [0x391c0000, 0x39844d58, 0x39844e00, 0x39dc0000)
}
Event: 18.982 GC heap before
{Heap before GC invocations=67 (full 5):
 def new generation   total 29952K, used 28483K [0x247c0000, 0x26830000, 0x29d10000)
  eden space 26688K, 100% used [0x247c0000, 0x261d0000, 0x261d0000)
  from space 3264K,  55% used [0x261d0000, 0x26390db8, 0x26500000)
  to   space 3264K,   0% used [0x26500000, 0x26500000, 0x26830000)
 tenured generation   total 66384K, used 47321K [0x29d10000, 0x2dde4000, 0x347c0000)
   the space 66384K,  71% used [0x29d10000, 0x2cb464b8, 0x2cb46600, 0x2dde4000)
 compacting perm gen  total 16128K, used 15942K [0x347c0000, 0x35780000, 0x387c0000)
   the space 16128K,  98% used [0x347c0000, 0x35751970, 0x35751a00, 0x35780000)
    ro space 10240K,  42% used [0x387c0000, 0x38c04240, 0x38c04400, 0x391c0000)
    rw space 12288K,  54% used [0x391c0000, 0x39844d58, 0x39844e00, 0x39dc0000)
Event: 18.994 GC heap after
Heap after GC invocations=68 (full 5):
 def new generation   total 29952K, used 3264K [0x247c0000, 0x26830000, 0x29d10000)
  eden space 26688K,   0% used [0x247c0000, 0x247c0000, 0x261d0000)
  from space 3264K, 100% used [0x26500000, 0x26830000, 0x26830000)
  to   space 3264K,   0% used [0x261d0000, 0x261d0000, 0x26500000)
 tenured generation   total 66384K, used 53043K [0x29d10000, 0x2dde4000, 0x347c0000)
   the space 66384K,  79% used [0x29d10000, 0x2d0dce48, 0x2d0dd000, 0x2dde4000)
 compacting perm gen  total 16128K, used 15942K [0x347c0000, 0x35780000, 0x387c0000)
   the space 16128K,  98% used [0x347c0000, 0x35751970, 0x35751a00, 0x35780000)
    ro space 10240K,  42% used [0x387c0000, 0x38c04240, 0x38c04400, 0x391c0000)
    rw space 12288K,  54% used [0x391c0000, 0x39844d58, 0x39844e00, 0x39dc0000)
}
Event: 19.122 GC heap before
{Heap before GC invocations=68 (full 5):
 def new generation   total 29952K, used 29952K [0x247c0000, 0x26830000, 0x29d10000)
  eden space 26688K, 100% used [0x247c0000, 0x261d0000, 0x261d0000)
  from space 3264K, 100% used [0x26500000, 0x26830000, 0x26830000)
  to   space 3264K,   0% used [0x261d0000, 0x261d0000, 0x26500000)
 tenured generation   total 66384K, used 53043K [0x29d10000, 0x2dde4000, 0x347c0000)
   the space 66384K,  79% used [0x29d10000, 0x2d0dce48, 0x2d0dd000, 0x2dde4000)
 compacting perm gen  total 16128K, used 15944K [0x347c0000, 0x35780000, 0x387c0000)
   the space 16128K,  98% used [0x347c0000, 0x35752088, 0x35752200, 0x35780000)
    ro space 10240K,  42% used [0x387c0000, 0x38c04240, 0x38c04400, 0x391c0000)
    rw space 12288K,  54% used [0x391c0000, 0x39844d58, 0x39844e00, 0x39dc0000)
Event: 19.139 GC heap after
Heap after GC invocations=69 (full 5):
 def new generation   total 29952K, used 3264K [0x247c0000, 0x26830000, 0x29d10000)
  eden space 26688K,   0% used [0x247c0000, 0x247c0000, 0x261d0000)
  from space 3264K, 100% used [0x261d0000, 0x26500000, 0x26500000)
  to   space 3264K,   0% used [0x26500000, 0x26500000, 0x26830000)
 tenured generation   total 66384K, used 60094K [0x29d10000, 0x2dde4000, 0x347c0000)
   the space 66384K,  90% used [0x29d10000, 0x2d7bf848, 0x2d7bfa00, 0x2dde4000)
 compacting perm gen  total 16128K, used 15944K [0x347c0000, 0x35780000, 0x387c0000)
   the space 16128K,  98% used [0x347c0000, 0x35752088, 0x35752200, 0x35780000)
    ro space 10240K,  42% used [0x387c0000, 0x38c04240, 0x38c04400, 0x391c0000)
    rw space 12288K,  54% used [0x391c0000, 0x39844d58, 0x39844e00, 0x39dc0000)
}
Event: 19.306 GC heap before
{Heap before GC invocations=69 (full 5):
 def new generation   total 29952K, used 29952K [0x247c0000, 0x26830000, 0x29d10000)
  eden space 26688K, 100% used [0x247c0000, 0x261d0000, 0x261d0000)
  from space 3264K, 100% used [0x261d0000, 0x26500000, 0x26500000)
  to   space 3264K,   0% used [0x26500000, 0x26500000, 0x26830000)
 tenured generation   total 66384K, used 60094K [0x29d10000, 0x2dde4000, 0x347c0000)
   the space 66384K,  90% used [0x29d10000, 0x2d7bf848, 0x2d7bfa00, 0x2dde4000)
 compacting perm gen  total 16128K, used 15944K [0x347c0000, 0x35780000, 0x387c0000)
   the space 16128K,  98% used [0x347c0000, 0x357520d8, 0x35752200, 0x35780000)
    ro space 10240K,  42% used [0x387c0000, 0x38c04240, 0x38c04400, 0x391c0000)
    rw space 12288K,  54% used [0x391c0000, 0x39844d58, 0x39844e00, 0x39dc0000)
Event: 19.314 GC heap after
Heap after GC invocations=70 (full 5):
 def new generation   total 29952K, used 1890K [0x247c0000, 0x26830000, 0x29d10000)
  eden space 26688K,   0% used [0x247c0000, 0x247c0000, 0x261d0000)
  from space 3264K,  57% used [0x26500000, 0x266d8960, 0x26830000)
  to   space 3264K,   0% used [0x261d0000, 0x261d0000, 0x26500000)
 tenured generation   total 66384K, used 63297K [0x29d10000, 0x2dde4000, 0x347c0000)
   the space 66384K,  95% used [0x29d10000, 0x2dae05e0, 0x2dae0600, 0x2dde4000)
 compacting perm gen  total 16128K, used 15944K [0x347c0000, 0x35780000, 0x387c0000)
   the space 16128K,  98% used [0x347c0000, 0x357520d8, 0x35752200, 0x35780000)
    ro space 10240K,  42% used [0x387c0000, 0x38c04240, 0x38c04400, 0x391c0000)
    rw space 12288K,  54% used [0x391c0000, 0x39844d58, 0x39844e00, 0x39dc0000)
}
Event: 19.402 GC heap before
{Heap before GC invocations=70 (full 5):
 def new generation   total 29952K, used 28578K [0x247c0000, 0x26830000, 0x29d10000)
  eden space 26688K, 100% used [0x247c0000, 0x261d0000, 0x261d0000)
  from space 3264K,  57% used [0x26500000, 0x266d8960, 0x26830000)
  to   space 3264K,   0% used [0x261d0000, 0x261d0000, 0x26500000)
 tenured generation   total 66384K, used 63297K [0x29d10000, 0x2dde4000, 0x347c0000)
   the space 66384K,  95% used [0x29d10000, 0x2dae05e0, 0x2dae0600, 0x2dde4000)
 compacting perm gen  total 16128K, used 15944K [0x347c0000, 0x35780000, 0x387c0000)
   the space 16128K,  98% used [0x347c0000, 0x357520e8, 0x35752200, 0x35780000)
    ro space 10240K,  42% used [0x387c0000, 0x38c04240, 0x38c04400, 0x391c0000)
    rw space 12288K,  54% used [0x391c0000, 0x39844d58, 0x39844e00, 0x39dc0000)
Event: 19.489 GC heap after
Heap after GC invocations=71 (full 6):
 def new generation   total 29952K, used 0K [0x247c0000, 0x26830000, 0x29d10000)
  eden space 26688K,   0% used [0x247c0000, 0x247c0000, 0x261d0000)
  from space 3264K,   0% used [0x261d0000, 0x261d0000, 0x26500000)
  to   space 3264K,   0% used [0x26500000, 0x26500000, 0x26830000)
 tenured generation   total 66384K, used 32866K [0x29d10000, 0x2dde4000, 0x347c0000)
   the space 66384K,  49% used [0x29d10000, 0x2bd28b48, 0x2bd28c00, 0x2dde4000)
 compacting perm gen  total 16128K, used 15944K [0x347c0000, 0x35780000, 0x387c0000)
   the space 16128K,  98% used [0x347c0000, 0x357520e8, 0x35752200, 0x35780000)
    ro space 10240K,  42% used [0x387c0000, 0x38c04240, 0x38c04400, 0x391c0000)
    rw space 12288K,  54% used [0x391c0000, 0x39844d58, 0x39844e00, 0x39dc0000)
}
Event: 19.617 GC heap before
{Heap before GC invocations=71 (full 6):
 def new generation   total 29952K, used 26688K [0x247c0000, 0x26830000, 0x29d10000)
  eden space 26688K, 100% used [0x247c0000, 0x261d0000, 0x261d0000)
  from space 3264K,   0% used [0x261d0000, 0x261d0000, 0x26500000)
  to   space 3264K,   0% used [0x26500000, 0x26500000, 0x26830000)
 tenured generation   total 66384K, used 32866K [0x29d10000, 0x2dde4000, 0x347c0000)
   the space 66384K,  49% used [0x29d10000, 0x2bd28b48, 0x2bd28c00, 0x2dde4000)
 compacting perm gen  total 16128K, used 15944K [0x347c0000, 0x35780000, 0x387c0000)
   the space 16128K,  98% used [0x347c0000, 0x357520e8, 0x35752200, 0x35780000)
    ro space 10240K,  42% used [0x387c0000, 0x38c04240, 0x38c04400, 0x391c0000)
    rw space 12288K,  54% used [0x391c0000, 0x39844d58, 0x39844e00, 0x39dc0000)

