<?xml version="1.0" encoding="UTF-8"?>
<!-- Generated by org.testng.reporters.JUnitXMLReporter -->
<testsuite hostname="INFPH01766" name="Business_Events" tests="1" failures="1" timestamp="30 Jan 2018 22:50:09 GMT" time="6602.466" errors="0">
  <testcase name="HandleBusinessEvent" time="6599.963" classname="com.selenium.commonfiles.businessEvents.BusinessEvents">
    <failure type="java.lang.Exception" message="Test - HandleBusinessEvent Failed">
      <![CDATA[java.lang.Exception: Test - HandleBusinessEvent Failed
	at com.selenium.commonfiles.businessEvents.BusinessEvents.HandleBusinessEvent(BusinessEvents.java:172)
... Removed 24 stack frames]]>
    </failure>
  </testcase> <!-- HandleBusinessEvent -->
</testsuite> <!-- Business_Events -->
